
Showing logs for build [32mcb-kubecd-environment-pr-205-13-hx2sj-1[0m stage [32mfrom-build-pack[0m and container [32mstep-credential-initializer-xj6pm[0m
{"level":"info","ts":1587412823.7109091,"logger":"fallback-logger","caller":"logging/config.go:69","msg":"Fetch GitHub commit ID from kodata failed: open /var/run/ko/refs/heads/0.8.0-ns-support: no such file or directory"}
{"level":"info","ts":1587412823.7116945,"logger":"fallback-logger","caller":"creds-init/main.go:40","msg":"Credentials initialized."}

Showing logs for build [32mcb-kubecd-environment-pr-205-13-hx2sj-1[0m stage [32mfrom-build-pack[0m and container [32mstep-working-dir-initializer-767g4[0m
{"level":"info","ts":1587412824.6036403,"logger":"fallback-logger","caller":"logging/config.go:69","msg":"Fetch GitHub commit ID from kodata failed: open /var/run/ko/HEAD: no such file or directory"}
{"level":"info","ts":1587412824.6051683,"logger":"fallback-logger","caller":"bash/main.go:64","msg":"Successfully executed command \"sh -c mkdir -p /workspace/source\"; output "}

Showing logs for build [32mcb-kubecd-environment-pr-205-13-hx2sj-1[0m stage [32mfrom-build-pack[0m and container [32mstep-place-tools[0m

Showing logs for build [32mcb-kubecd-environment-pr-205-13-hx2sj-1[0m stage [32mfrom-build-pack[0m and container [32mstep-git-source-cb-kubecd-environment-pr-205-13-hx2sj-h8zh7[0m
{"level":"info","ts":1587412829.8649724,"logger":"fallback-logger","caller":"logging/config.go:69","msg":"Fetch GitHub commit ID from kodata failed: open /var/run/ko/refs/heads/0.8.0-ns-support: no such file or directory"}
{"level":"info","ts":1587412830.9025297,"logger":"fallback-logger","caller":"git/git.go:103","msg":"Successfully cloned https://github.com/cb-kubecd/environment-pr-205-133-boot-gke-staging.git @ master in path /workspace/source"}

Showing logs for build [32mcb-kubecd-environment-pr-205-13-hx2sj-1[0m stage [32mfrom-build-pack[0m and container [32mstep-git-merge[0m
Using SHAs from PULL_REFS=master:dabba36b1701c3a2f5e9614ce0f6927bb0507774,8:1d7ee4033b7fbb1143d196f001343d478c366eb8
DEBUG: LC_ALL=C JX_LOG_LEVEL=error git fetch origin --unshallow 1d7ee4033b7fbb1143d196f001343d478c366eb8: dabba36b1701c3a2f5e9614ce0f6927bb0507774:
DEBUG: ran git fetch --unshallow origin 1d7ee4033b7fbb1143d196f001343d478c366eb8: dabba36b1701c3a2f5e9614ce0f6927bb0507774: in 
DEBUG: LC_ALL=C JX_LOG_LEVEL=error git branch
DEBUG: LC_ALL=C JX_LOG_LEVEL=error git checkout master
DEBUG: ran git checkout master in 
DEBUG: LC_ALL=C JX_LOG_LEVEL=error git reset --hard dabba36b1701c3a2f5e9614ce0f6927bb0507774
DEBUG: ran git reset --hard dabba36b1701c3a2f5e9614ce0f6927bb0507774 in 
DEBUG: LC_ALL=C JX_LOG_LEVEL=error git clean -fd .
DEBUG: ran clean --force -d . in 
DEBUG: LC_ALL=C JX_LOG_LEVEL=error git merge 1d7ee4033b7fbb1143d196f001343d478c366eb8
DEBUG: ran git merge 1d7ee4033b7fbb1143d196f001343d478c366eb8 in 
DEBUG: LC_ALL=C JX_LOG_LEVEL=error git log --format=%H%x1f%an%x1f%ae%x1f%cn%x1f%ce%x1f%s%n%b%x1e dabba36b1701c3a2f5e9614ce0f6927bb0507774..HEAD
Merged SHA 1d7ee4033b7fbb1143d196f001343d478c366eb8 with commit message 'chore: Promote bdd-sbhg-import-1587411047 to version 0.0.1' into base branch master

Showing logs for build [32mcb-kubecd-environment-pr-205-13-hx2sj-1[0m stage [32mfrom-build-pack[0m and container [32mstep-build-helm-build[0m
WARNING: No $CHART_REPOSITORY defined so using the default value of: http://jenkins-x-chartmuseum:8080
Adding missing Helm repo: storage.googleapis.com https://storage.googleapis.com/chartmuseum.jenkins-x.io
WARNING: No secrets found on "helm/repos" due: reading the secret "helm/repos" from vault: no secret "helm/repos" not found in vault
Read credentials for https://storage.googleapis.com/chartmuseum.jenkins-x.io from vault helm/repos
Successfully added Helm repository storage.googleapis.com.
Adding missing Helm repo: jenkins-x-chartmuseum http://jenkins-x-chartmuseum:8080
WARNING: No secrets found on "helm/repos" due: reading the secret "helm/repos" from vault: no secret "helm/repos" not found in vault
Read credentials for http://jenkins-x-chartmuseum:8080 from vault helm/repos
Successfully added Helm repository jenkins-x-chartmuseum.
WARNING: No $CHART_REPOSITORY defined so using the default value of: http://jenkins-x-chartmuseum:8080
Adding missing Helm repo: chartmuseum.jenkins-x.io http://chartmuseum.jenkins-x.io
WARNING: No secrets found on "helm/repos" due: reading the secret "helm/repos" from vault: no secret "helm/repos" not found in vault
Read credentials for http://chartmuseum.jenkins-x.io from vault helm/repos
Successfully added Helm repository chartmuseum.jenkins-x.io.
