
Showing logs for build [32mcb-kubecd-environment-pr-205-13-r4msk-1[0m stage [32mfrom-build-pack[0m and container [32mstep-credential-initializer-hcblg[0m
{"level":"info","ts":1587411728.0160415,"logger":"fallback-logger","caller":"logging/config.go:69","msg":"Fetch GitHub commit ID from kodata failed: open /var/run/ko/refs/heads/0.8.0-ns-support: no such file or directory"}
{"level":"info","ts":1587411728.0168824,"logger":"fallback-logger","caller":"creds-init/main.go:40","msg":"Credentials initialized."}

Showing logs for build [32mcb-kubecd-environment-pr-205-13-r4msk-1[0m stage [32mfrom-build-pack[0m and container [32mstep-working-dir-initializer-m2hmt[0m
{"level":"info","ts":1587411729.0675519,"logger":"fallback-logger","caller":"logging/config.go:69","msg":"Fetch GitHub commit ID from kodata failed: open /var/run/ko/HEAD: no such file or directory"}
{"level":"info","ts":1587411729.0689845,"logger":"fallback-logger","caller":"bash/main.go:64","msg":"Successfully executed command \"sh -c mkdir -p /workspace/source\"; output "}

Showing logs for build [32mcb-kubecd-environment-pr-205-13-r4msk-1[0m stage [32mfrom-build-pack[0m and container [32mstep-place-tools[0m

Showing logs for build [32mcb-kubecd-environment-pr-205-13-r4msk-1[0m stage [32mfrom-build-pack[0m and container [32mstep-git-source-cb-kubecd-environment-pr-205-13-r4msk-8qpsg[0m
{"level":"info","ts":1587411734.2044234,"logger":"fallback-logger","caller":"logging/config.go:69","msg":"Fetch GitHub commit ID from kodata failed: open /var/run/ko/refs/heads/0.8.0-ns-support: no such file or directory"}
{"level":"info","ts":1587411735.249255,"logger":"fallback-logger","caller":"git/git.go:103","msg":"Successfully cloned https://github.com/cb-kubecd/environment-pr-205-133-boot-gke-staging.git @ master in path /workspace/source"}

Showing logs for build [32mcb-kubecd-environment-pr-205-13-r4msk-1[0m stage [32mfrom-build-pack[0m and container [32mstep-git-merge[0m
Using SHAs from PULL_REFS=master:510c124f9ff833cc9efd5cb7a9f27e062dffcdcd,6:f5b7d9ab65bf844343a30250f39901f0bb9b6bb6
DEBUG: LC_ALL=C JX_LOG_LEVEL=error git fetch origin --unshallow f5b7d9ab65bf844343a30250f39901f0bb9b6bb6: 510c124f9ff833cc9efd5cb7a9f27e062dffcdcd:
DEBUG: ran git fetch --unshallow origin f5b7d9ab65bf844343a30250f39901f0bb9b6bb6: 510c124f9ff833cc9efd5cb7a9f27e062dffcdcd: in 
DEBUG: JX_LOG_LEVEL=error LC_ALL=C git branch
DEBUG: LC_ALL=C JX_LOG_LEVEL=error git checkout master
DEBUG: ran git checkout master in 
DEBUG: JX_LOG_LEVEL=error LC_ALL=C git reset --hard 510c124f9ff833cc9efd5cb7a9f27e062dffcdcd
DEBUG: ran git reset --hard 510c124f9ff833cc9efd5cb7a9f27e062dffcdcd in 
DEBUG: LC_ALL=C JX_LOG_LEVEL=error git clean -fd .
DEBUG: ran clean --force -d . in 
DEBUG: LC_ALL=C JX_LOG_LEVEL=error git merge f5b7d9ab65bf844343a30250f39901f0bb9b6bb6
DEBUG: ran git merge f5b7d9ab65bf844343a30250f39901f0bb9b6bb6 in 
DEBUG: LC_ALL=C JX_LOG_LEVEL=error git log --format=%H%x1f%an%x1f%ae%x1f%cn%x1f%ce%x1f%s%n%b%x1e 510c124f9ff833cc9efd5cb7a9f27e062dffcdcd..HEAD
Merged SHA f5b7d9ab65bf844343a30250f39901f0bb9b6bb6 with commit message 'chore: Promote bdd-sbrp-import-1587411047 to version 0.0.1' into base branch master

Showing logs for build [32mcb-kubecd-environment-pr-205-13-r4msk-1[0m stage [32mfrom-build-pack[0m and container [32mstep-build-helm-build[0m
WARNING: No $CHART_REPOSITORY defined so using the default value of: http://jenkins-x-chartmuseum:8080
Adding missing Helm repo: storage.googleapis.com https://storage.googleapis.com/chartmuseum.jenkins-x.io
WARNING: No secrets found on "helm/repos" due: reading the secret "helm/repos" from vault: no secret "helm/repos" not found in vault
Read credentials for https://storage.googleapis.com/chartmuseum.jenkins-x.io from vault helm/repos
Successfully added Helm repository storage.googleapis.com.
Adding missing Helm repo: jenkins-x-chartmuseum http://jenkins-x-chartmuseum:8080
WARNING: No secrets found on "helm/repos" due: reading the secret "helm/repos" from vault: no secret "helm/repos" not found in vault
Read credentials for http://jenkins-x-chartmuseum:8080 from vault helm/repos
Successfully added Helm repository jenkins-x-chartmuseum.
WARNING: No $CHART_REPOSITORY defined so using the default value of: http://jenkins-x-chartmuseum:8080
Adding missing Helm repo: chartmuseum.jenkins-x.io http://chartmuseum.jenkins-x.io
WARNING: No secrets found on "helm/repos" due: reading the secret "helm/repos" from vault: no secret "helm/repos" not found in vault
Read credentials for http://chartmuseum.jenkins-x.io from vault helm/repos
Successfully added Helm repository chartmuseum.jenkins-x.io.
