
Showing logs for build [32mcb-kubecd-environment-pr-205-13-6k6vv-1[0m stage [32mfrom-build-pack[0m and container [32mstep-credential-initializer-rpqjh[0m
{"level":"info","ts":1587411236.2954583,"logger":"fallback-logger","caller":"logging/config.go:69","msg":"Fetch GitHub commit ID from kodata failed: open /var/run/ko/refs/heads/0.8.0-ns-support: no such file or directory"}
{"level":"info","ts":1587411236.2961397,"logger":"fallback-logger","caller":"creds-init/main.go:40","msg":"Credentials initialized."}

Showing logs for build [32mcb-kubecd-environment-pr-205-13-6k6vv-1[0m stage [32mfrom-build-pack[0m and container [32mstep-working-dir-initializer-wr2jj[0m
{"level":"info","ts":1587411237.3046827,"logger":"fallback-logger","caller":"logging/config.go:69","msg":"Fetch GitHub commit ID from kodata failed: open /var/run/ko/HEAD: no such file or directory"}
{"level":"info","ts":1587411237.308619,"logger":"fallback-logger","caller":"bash/main.go:64","msg":"Successfully executed command \"sh -c mkdir -p /workspace/source\"; output "}

Showing logs for build [32mcb-kubecd-environment-pr-205-13-6k6vv-1[0m stage [32mfrom-build-pack[0m and container [32mstep-place-tools[0m

Showing logs for build [32mcb-kubecd-environment-pr-205-13-6k6vv-1[0m stage [32mfrom-build-pack[0m and container [32mstep-git-source-cb-kubecd-environment-pr-205-13-6k6vv-trvn9[0m
{"level":"info","ts":1587411242.4327877,"logger":"fallback-logger","caller":"logging/config.go:69","msg":"Fetch GitHub commit ID from kodata failed: open /var/run/ko/refs/heads/0.8.0-ns-support: no such file or directory"}
{"level":"info","ts":1587411243.4780498,"logger":"fallback-logger","caller":"git/git.go:103","msg":"Successfully cloned https://github.com/cb-kubecd/environment-pr-205-133-boot-gke-staging.git @ master in path /workspace/source"}

Showing logs for build [32mcb-kubecd-environment-pr-205-13-6k6vv-1[0m stage [32mfrom-build-pack[0m and container [32mstep-git-merge[0m
Using SHAs from PULL_REFS=master:e51b9d42a7333e386a132b8dcc0616abe76db103,5:f39f5fe7d8df91fbc911e5e3c59e629b1c4fe86b
DEBUG: JX_LOG_LEVEL=error LC_ALL=C git fetch origin --unshallow f39f5fe7d8df91fbc911e5e3c59e629b1c4fe86b: e51b9d42a7333e386a132b8dcc0616abe76db103:
DEBUG: ran git fetch --unshallow origin f39f5fe7d8df91fbc911e5e3c59e629b1c4fe86b: e51b9d42a7333e386a132b8dcc0616abe76db103: in 
DEBUG: LC_ALL=C JX_LOG_LEVEL=error git branch
DEBUG: LC_ALL=C JX_LOG_LEVEL=error git checkout master
DEBUG: ran git checkout master in 
DEBUG: LC_ALL=C JX_LOG_LEVEL=error git reset --hard e51b9d42a7333e386a132b8dcc0616abe76db103
DEBUG: ran git reset --hard e51b9d42a7333e386a132b8dcc0616abe76db103 in 
DEBUG: LC_ALL=C JX_LOG_LEVEL=error git clean -fd .
DEBUG: ran clean --force -d . in 
DEBUG: LC_ALL=C JX_LOG_LEVEL=error git merge f39f5fe7d8df91fbc911e5e3c59e629b1c4fe86b
DEBUG: ran git merge f39f5fe7d8df91fbc911e5e3c59e629b1c4fe86b in 
DEBUG: LC_ALL=C JX_LOG_LEVEL=error git log --format=%H%x1f%an%x1f%ae%x1f%cn%x1f%ce%x1f%s%n%b%x1e e51b9d42a7333e386a132b8dcc0616abe76db103..HEAD
Merged SHA f39f5fe7d8df91fbc911e5e3c59e629b1c4fe86b with commit message 'chore: Promote bdd-nh-import-1587411047 to version 0.0.1' into base branch master

Showing logs for build [32mcb-kubecd-environment-pr-205-13-6k6vv-1[0m stage [32mfrom-build-pack[0m and container [32mstep-build-helm-build[0m
WARNING: No $CHART_REPOSITORY defined so using the default value of: http://jenkins-x-chartmuseum:8080
Adding missing Helm repo: storage.googleapis.com https://storage.googleapis.com/chartmuseum.jenkins-x.io
WARNING: No secrets found on "helm/repos" due: reading the secret "helm/repos" from vault: no secret "helm/repos" not found in vault
Read credentials for https://storage.googleapis.com/chartmuseum.jenkins-x.io from vault helm/repos
Successfully added Helm repository storage.googleapis.com.
Adding missing Helm repo: jenkins-x-chartmuseum http://jenkins-x-chartmuseum:8080
WARNING: No secrets found on "helm/repos" due: reading the secret "helm/repos" from vault: no secret "helm/repos" not found in vault
Read credentials for http://jenkins-x-chartmuseum:8080 from vault helm/repos
Successfully added Helm repository jenkins-x-chartmuseum.
WARNING: No $CHART_REPOSITORY defined so using the default value of: http://jenkins-x-chartmuseum:8080
Adding missing Helm repo: chartmuseum.jenkins-x.io http://chartmuseum.jenkins-x.io
WARNING: No secrets found on "helm/repos" due: reading the secret "helm/repos" from vault: no secret "helm/repos" not found in vault
Read credentials for http://chartmuseum.jenkins-x.io from vault helm/repos
Successfully added Helm repository chartmuseum.jenkins-x.io.
