
Showing logs for build [32mcb-kubecd-environment-pr-205-13-6f5jj-1[0m stage [32mfrom-build-pack[0m and container [32mstep-credential-initializer-zcc4s[0m
{"level":"info","ts":1587412232.5242727,"logger":"fallback-logger","caller":"logging/config.go:69","msg":"Fetch GitHub commit ID from kodata failed: open /var/run/ko/refs/heads/0.8.0-ns-support: no such file or directory"}
{"level":"info","ts":1587412232.5252347,"logger":"fallback-logger","caller":"creds-init/main.go:40","msg":"Credentials initialized."}

Showing logs for build [32mcb-kubecd-environment-pr-205-13-6f5jj-1[0m stage [32mfrom-build-pack[0m and container [32mstep-working-dir-initializer-zldb5[0m
{"level":"info","ts":1587412233.207743,"logger":"fallback-logger","caller":"logging/config.go:69","msg":"Fetch GitHub commit ID from kodata failed: open /var/run/ko/HEAD: no such file or directory"}
{"level":"info","ts":1587412233.2096884,"logger":"fallback-logger","caller":"bash/main.go:64","msg":"Successfully executed command \"sh -c mkdir -p /workspace/source\"; output "}

Showing logs for build [32mcb-kubecd-environment-pr-205-13-6f5jj-1[0m stage [32mfrom-build-pack[0m and container [32mstep-place-tools[0m

Showing logs for build [32mcb-kubecd-environment-pr-205-13-6f5jj-1[0m stage [32mfrom-build-pack[0m and container [32mstep-git-source-cb-kubecd-environment-pr-205-13-6f5jj-pqrhm[0m
{"level":"info","ts":1587412237.3832011,"logger":"fallback-logger","caller":"logging/config.go:69","msg":"Fetch GitHub commit ID from kodata failed: open /var/run/ko/refs/heads/0.8.0-ns-support: no such file or directory"}
{"level":"info","ts":1587412238.4235168,"logger":"fallback-logger","caller":"git/git.go:103","msg":"Successfully cloned https://github.com/cb-kubecd/environment-pr-205-133-boot-gke-staging.git @ master in path /workspace/source"}

Showing logs for build [32mcb-kubecd-environment-pr-205-13-6f5jj-1[0m stage [32mfrom-build-pack[0m and container [32mstep-git-merge[0m
Using SHAs from PULL_REFS=master:2ce204a8541ccc7ac26464b4a104b48b7a81b187,7:152c0da12cb38469976c8bbe1ded698e1c222554
DEBUG: LC_ALL=C JX_LOG_LEVEL=error git fetch origin --unshallow 152c0da12cb38469976c8bbe1ded698e1c222554: 2ce204a8541ccc7ac26464b4a104b48b7a81b187:
DEBUG: ran git fetch --unshallow origin 152c0da12cb38469976c8bbe1ded698e1c222554: 2ce204a8541ccc7ac26464b4a104b48b7a81b187: in 
DEBUG: LC_ALL=C JX_LOG_LEVEL=error git branch
DEBUG: LC_ALL=C JX_LOG_LEVEL=error git checkout master
DEBUG: ran git checkout master in 
DEBUG: LC_ALL=C JX_LOG_LEVEL=error git reset --hard 2ce204a8541ccc7ac26464b4a104b48b7a81b187
DEBUG: ran git reset --hard 2ce204a8541ccc7ac26464b4a104b48b7a81b187 in 
DEBUG: LC_ALL=C JX_LOG_LEVEL=error git clean -fd .
DEBUG: ran clean --force -d . in 
DEBUG: LC_ALL=C JX_LOG_LEVEL=error git merge 152c0da12cb38469976c8bbe1ded698e1c222554
DEBUG: ran git merge 152c0da12cb38469976c8bbe1ded698e1c222554 in 
DEBUG: LC_ALL=C JX_LOG_LEVEL=error git log --format=%H%x1f%an%x1f%ae%x1f%cn%x1f%ce%x1f%s%n%b%x1e 2ce204a8541ccc7ac26464b4a104b48b7a81b187..HEAD
Merged SHA 152c0da12cb38469976c8bbe1ded698e1c222554 with commit message 'chore: Promote bdd-ghf**y-import-1587411047 to version 0.0.1' into base branch master

Showing logs for build [32mcb-kubecd-environment-pr-205-13-6f5jj-1[0m stage [32mfrom-build-pack[0m and container [32mstep-build-helm-build[0m
WARNING: No $CHART_REPOSITORY defined so using the default value of: http://jenkins-x-chartmuseum:8080
Adding missing Helm repo: storage.googleapis.com https://storage.googleapis.com/chartmuseum.jenkins-x.io
WARNING: No secrets found on "helm/repos" due: reading the secret "helm/repos" from vault: no secret "helm/repos" not found in vault
Read credentials for https://storage.googleapis.com/chartmuseum.jenkins-x.io from vault helm/repos
Successfully added Helm repository storage.googleapis.com.
Adding missing Helm repo: jenkins-x-chartmuseum http://jenkins-x-chartmuseum:8080
WARNING: No secrets found on "helm/repos" due: reading the secret "helm/repos" from vault: no secret "helm/repos" not found in vault
Read credentials for http://jenkins-x-chartmuseum:8080 from vault helm/repos
Successfully added Helm repository jenkins-x-chartmuseum.
WARNING: No $CHART_REPOSITORY defined so using the default value of: http://jenkins-x-chartmuseum:8080
Adding missing Helm repo: chartmuseum.jenkins-x.io http://chartmuseum.jenkins-x.io
WARNING: No secrets found on "helm/repos" due: reading the secret "helm/repos" from vault: no secret "helm/repos" not found in vault
Read credentials for http://chartmuseum.jenkins-x.io from vault helm/repos
Successfully added Helm repository chartmuseum.jenkins-x.io.
